<?xml version="1.0" encoding="UTF-8"?>
<testsuite name="edu.ncsu.csc326.coffeemaker.CoffeeMakerTest" tests="1" skipped="0" failures="0" errors="0" timestamp="2023-06-04T11:49:58" hostname="Emiliyan" time="0.002">
  <properties/>
  <testcase name="noRecipeToPurchaseTest" classname="edu.ncsu.csc326.coffeemaker.CoffeeMakerTest" time="0.002"/>
  <system-out><![CDATA[]]></system-out>
  <system-err><![CDATA[]]></system-err>
</testsuite>
